rm: cannot remove `/tmp/LiveShift/load.lock': No such file or directory
java: no process found
tar: Removing leading `/' from member names
tar: Removing leading `/' from member names
rm: cannot remove `/tmp/LiveShift/load.lock': No such file or directory
java: no process killed
tar: Removing leading `/' from member names
tar: Removing leading `/' from member names
tar: /home/hecht/liveshift/results/test6-s1/1/error.*: Cannot stat: No such file or directory
tar: Error exit delayed from previous errors
rm: cannot remove `/tmp/LiveShift/load.lock': No such file or directory
rm: cannot remove `/tmp/LiveShift/load.lock': No such file or directory
java: no process killed
tar: Removing leading `/' from member names
tar: Removing leading `/' from member names
tar: /home/hecht/liveshift/results/test6-s1/1/error.*: Cannot stat: No such file or directory
tar: Error exit delayed from previous errors
PHP Notice:  Undefined offset: 2 in /home/hecht/liveshift/scripts/gridpeer/data/delete-remainings.php on line 4
PHP Notice:  Undefined offset: 2 in /home/hecht/liveshift/scripts/gridpeer/data/delete-remainings.php on line 4
PHP Notice:  Undefined offset: 2 in /home/hecht/liveshift/scripts/gridpeer/data/delete-remainings.php on line 4
PHP Notice:  Undefined offset: 2 in /home/hecht/liveshift/scripts/gridpeer/data/delete-remainings.php on line 4
/tmp/LiveShift/log/load: No such file or directory
